Detecting C [-std=c11] compiler features failed to compile with the following output:
Change Dir: /Users/sam/Desktop/CU Boulder/2018:2019/CSCI 2275/Assignments/Assignment3/cmake-build-debug/CMakeFiles/CMakeTmp

Run Build Command:"/usr/bin/make" "cmTC_21879/fast"
/Library/Developer/CommandLineTools/usr/bin/make -f CMakeFiles/cmTC_21879.dir/build.make CMakeFiles/cmTC_21879.dir/build
CMakeFiles/cmTC_21879.dir/build.make:64: *** target pattern contains no `%'.  Stop.
make: *** [cmTC_21879/fast] Error 2



Detecting CXX [-std=c++1z] compiler features failed to compile with the following output:
Change Dir: /Users/sam/Desktop/CU Boulder/2018:2019/CSCI 2275/Assignments/Assignment3/cmake-build-debug/CMakeFiles/CMakeTmp

Run Build Command:"/usr/bin/make" "cmTC_ca0fa/fast"
/Library/Developer/CommandLineTools/usr/bin/make -f CMakeFiles/cmTC_ca0fa.dir/build.make CMakeFiles/cmTC_ca0fa.dir/build
CMakeFiles/cmTC_ca0fa.dir/build.make:64: *** target pattern contains no `%'.  Stop.
make: *** [cmTC_ca0fa/fast] Error 2



