Detecting C [-std=c11] compiler features failed to compile with the following output:
Change Dir: /Users/sam/Desktop/CU Boulder/2018:2019/CSCI 2275/Assignments/untitled/cmake-build-debug/CMakeFiles/CMakeTmp

Run Build Command:"/usr/bin/make" "cmTC_5bd95/fast"
/Library/Developer/CommandLineTools/usr/bin/make -f CMakeFiles/cmTC_5bd95.dir/build.make CMakeFiles/cmTC_5bd95.dir/build
CMakeFiles/cmTC_5bd95.dir/build.make:64: *** target pattern contains no `%'.  Stop.
make: *** [cmTC_5bd95/fast] Error 2



Detecting CXX [-std=c++1z] compiler features failed to compile with the following output:
Change Dir: /Users/sam/Desktop/CU Boulder/2018:2019/CSCI 2275/Assignments/untitled/cmake-build-debug/CMakeFiles/CMakeTmp

Run Build Command:"/usr/bin/make" "cmTC_168df/fast"
/Library/Developer/CommandLineTools/usr/bin/make -f CMakeFiles/cmTC_168df.dir/build.make CMakeFiles/cmTC_168df.dir/build
CMakeFiles/cmTC_168df.dir/build.make:64: *** target pattern contains no `%'.  Stop.
make: *** [cmTC_168df/fast] Error 2



