Detecting C [-std=c11] compiler features failed to compile with the following output:
Change Dir: /Users/sam/Desktop/CU Boulder/2018:2019/CSCI 2275/Assignments/Recitation9/cmake-build-debug/CMakeFiles/CMakeTmp

Run Build Command:"/usr/bin/make" "cmTC_59826/fast"
/Library/Developer/CommandLineTools/usr/bin/make -f CMakeFiles/cmTC_59826.dir/build.make CMakeFiles/cmTC_59826.dir/build
CMakeFiles/cmTC_59826.dir/build.make:64: *** target pattern contains no `%'.  Stop.
make: *** [cmTC_59826/fast] Error 2



Detecting CXX [-std=c++1z] compiler features failed to compile with the following output:
Change Dir: /Users/sam/Desktop/CU Boulder/2018:2019/CSCI 2275/Assignments/Recitation9/cmake-build-debug/CMakeFiles/CMakeTmp

Run Build Command:"/usr/bin/make" "cmTC_3f26a/fast"
/Library/Developer/CommandLineTools/usr/bin/make -f CMakeFiles/cmTC_3f26a.dir/build.make CMakeFiles/cmTC_3f26a.dir/build
CMakeFiles/cmTC_3f26a.dir/build.make:64: *** target pattern contains no `%'.  Stop.
make: *** [cmTC_3f26a/fast] Error 2



