Detecting C [-std=c11] compiler features failed to compile with the following output:
Change Dir: /Users/sam/Desktop/CU Boulder/2018:2019/CSCI 2275/Assignments/Assignment8/cmake-build-debug/CMakeFiles/CMakeTmp

Run Build Command:"/usr/bin/make" "cmTC_8c5d2/fast"
/Library/Developer/CommandLineTools/usr/bin/make -f CMakeFiles/cmTC_8c5d2.dir/build.make CMakeFiles/cmTC_8c5d2.dir/build
CMakeFiles/cmTC_8c5d2.dir/build.make:64: *** target pattern contains no `%'.  Stop.
make: *** [cmTC_8c5d2/fast] Error 2



Detecting CXX [-std=c++1z] compiler features failed to compile with the following output:
Change Dir: /Users/sam/Desktop/CU Boulder/2018:2019/CSCI 2275/Assignments/Assignment8/cmake-build-debug/CMakeFiles/CMakeTmp

Run Build Command:"/usr/bin/make" "cmTC_41368/fast"
/Library/Developer/CommandLineTools/usr/bin/make -f CMakeFiles/cmTC_41368.dir/build.make CMakeFiles/cmTC_41368.dir/build
CMakeFiles/cmTC_41368.dir/build.make:64: *** target pattern contains no `%'.  Stop.
make: *** [cmTC_41368/fast] Error 2



