Detecting C [-std=c11] compiler features failed to compile with the following output:
Change Dir: /Users/sam/Desktop/CU Boulder/2018:2019/CSCI 2275/Assignments/FinalProjectDataCompression/cmake-build-debug/CMakeFiles/CMakeTmp

Run Build Command:"/usr/bin/make" "cmTC_3e9f5/fast"
/Library/Developer/CommandLineTools/usr/bin/make -f CMakeFiles/cmTC_3e9f5.dir/build.make CMakeFiles/cmTC_3e9f5.dir/build
CMakeFiles/cmTC_3e9f5.dir/build.make:64: *** target pattern contains no `%'.  Stop.
make: *** [cmTC_3e9f5/fast] Error 2



Detecting CXX [-std=c++1z] compiler features failed to compile with the following output:
Change Dir: /Users/sam/Desktop/CU Boulder/2018:2019/CSCI 2275/Assignments/FinalProjectDataCompression/cmake-build-debug/CMakeFiles/CMakeTmp

Run Build Command:"/usr/bin/make" "cmTC_5354f/fast"
/Library/Developer/CommandLineTools/usr/bin/make -f CMakeFiles/cmTC_5354f.dir/build.make CMakeFiles/cmTC_5354f.dir/build
CMakeFiles/cmTC_5354f.dir/build.make:64: *** target pattern contains no `%'.  Stop.
make: *** [cmTC_5354f/fast] Error 2



