Detecting C [-std=c11] compiler features failed to compile with the following output:
Change Dir: /Users/sam/Desktop/CU Boulder/2018:2019/CSCI 2275/Assignments/L11/cmake-build-debug/CMakeFiles/CMakeTmp

Run Build Command:"/usr/bin/make" "cmTC_da22c/fast"
/Library/Developer/CommandLineTools/usr/bin/make -f CMakeFiles/cmTC_da22c.dir/build.make CMakeFiles/cmTC_da22c.dir/build
CMakeFiles/cmTC_da22c.dir/build.make:64: *** target pattern contains no `%'.  Stop.
make: *** [cmTC_da22c/fast] Error 2



Detecting CXX [-std=c++1z] compiler features failed to compile with the following output:
Change Dir: /Users/sam/Desktop/CU Boulder/2018:2019/CSCI 2275/Assignments/L11/cmake-build-debug/CMakeFiles/CMakeTmp

Run Build Command:"/usr/bin/make" "cmTC_31461/fast"
/Library/Developer/CommandLineTools/usr/bin/make -f CMakeFiles/cmTC_31461.dir/build.make CMakeFiles/cmTC_31461.dir/build
CMakeFiles/cmTC_31461.dir/build.make:64: *** target pattern contains no `%'.  Stop.
make: *** [cmTC_31461/fast] Error 2



