Detecting C [-std=c11] compiler features failed to compile with the following output:
Change Dir: /Users/sam/Desktop/CU Boulder/2018:2019/CSCI 2275/Assignments/GenericHeap/cmake-build-debug/CMakeFiles/CMakeTmp

Run Build Command:"/usr/bin/make" "cmTC_3892f/fast"
/Library/Developer/CommandLineTools/usr/bin/make -f CMakeFiles/cmTC_3892f.dir/build.make CMakeFiles/cmTC_3892f.dir/build
CMakeFiles/cmTC_3892f.dir/build.make:64: *** target pattern contains no `%'.  Stop.
make: *** [cmTC_3892f/fast] Error 2



Detecting CXX [-std=c++1z] compiler features failed to compile with the following output:
Change Dir: /Users/sam/Desktop/CU Boulder/2018:2019/CSCI 2275/Assignments/GenericHeap/cmake-build-debug/CMakeFiles/CMakeTmp

Run Build Command:"/usr/bin/make" "cmTC_2cb82/fast"
/Library/Developer/CommandLineTools/usr/bin/make -f CMakeFiles/cmTC_2cb82.dir/build.make CMakeFiles/cmTC_2cb82.dir/build
CMakeFiles/cmTC_2cb82.dir/build.make:64: *** target pattern contains no `%'.  Stop.
make: *** [cmTC_2cb82/fast] Error 2



