Detecting C [-std=c11] compiler features failed to compile with the following output:
Change Dir: /Users/sam/Desktop/CU Boulder/2018:2019/CSCI 2275/Assignments/Recitation8/cmake-build-debug/CMakeFiles/CMakeTmp

Run Build Command:"/usr/bin/make" "cmTC_862a7/fast"
/Library/Developer/CommandLineTools/usr/bin/make -f CMakeFiles/cmTC_862a7.dir/build.make CMakeFiles/cmTC_862a7.dir/build
CMakeFiles/cmTC_862a7.dir/build.make:64: *** target pattern contains no `%'.  Stop.
make: *** [cmTC_862a7/fast] Error 2



Detecting CXX [-std=c++1z] compiler features failed to compile with the following output:
Change Dir: /Users/sam/Desktop/CU Boulder/2018:2019/CSCI 2275/Assignments/Recitation8/cmake-build-debug/CMakeFiles/CMakeTmp

Run Build Command:"/usr/bin/make" "cmTC_1901f/fast"
/Library/Developer/CommandLineTools/usr/bin/make -f CMakeFiles/cmTC_1901f.dir/build.make CMakeFiles/cmTC_1901f.dir/build
CMakeFiles/cmTC_1901f.dir/build.make:64: *** target pattern contains no `%'.  Stop.
make: *** [cmTC_1901f/fast] Error 2



