Detecting C [-std=c11] compiler features failed to compile with the following output:
Change Dir: /Users/sam/Desktop/CU Boulder/2018:2019/CSCI 2275/Assignments/L16/cmake-build-debug/CMakeFiles/CMakeTmp

Run Build Command:"/usr/bin/make" "cmTC_072f3/fast"
/Library/Developer/CommandLineTools/usr/bin/make -f CMakeFiles/cmTC_072f3.dir/build.make CMakeFiles/cmTC_072f3.dir/build
CMakeFiles/cmTC_072f3.dir/build.make:64: *** target pattern contains no `%'.  Stop.
make: *** [cmTC_072f3/fast] Error 2



Detecting CXX [-std=c++1z] compiler features failed to compile with the following output:
Change Dir: /Users/sam/Desktop/CU Boulder/2018:2019/CSCI 2275/Assignments/L16/cmake-build-debug/CMakeFiles/CMakeTmp

Run Build Command:"/usr/bin/make" "cmTC_95f20/fast"
/Library/Developer/CommandLineTools/usr/bin/make -f CMakeFiles/cmTC_95f20.dir/build.make CMakeFiles/cmTC_95f20.dir/build
CMakeFiles/cmTC_95f20.dir/build.make:64: *** target pattern contains no `%'.  Stop.
make: *** [cmTC_95f20/fast] Error 2



