Detecting C [-std=c11] compiler features failed to compile with the following output:
Change Dir: /Users/sam/Desktop/CU Boulder/2018:2019/CSCI 2275/Assignments/Midterm2/cmake-build-debug/CMakeFiles/CMakeTmp

Run Build Command:"/usr/bin/make" "cmTC_d2f21/fast"
/Library/Developer/CommandLineTools/usr/bin/make -f CMakeFiles/cmTC_d2f21.dir/build.make CMakeFiles/cmTC_d2f21.dir/build
CMakeFiles/cmTC_d2f21.dir/build.make:64: *** target pattern contains no `%'.  Stop.
make: *** [cmTC_d2f21/fast] Error 2



Detecting CXX [-std=c++1z] compiler features failed to compile with the following output:
Change Dir: /Users/sam/Desktop/CU Boulder/2018:2019/CSCI 2275/Assignments/Midterm2/cmake-build-debug/CMakeFiles/CMakeTmp

Run Build Command:"/usr/bin/make" "cmTC_523c5/fast"
/Library/Developer/CommandLineTools/usr/bin/make -f CMakeFiles/cmTC_523c5.dir/build.make CMakeFiles/cmTC_523c5.dir/build
CMakeFiles/cmTC_523c5.dir/build.make:64: *** target pattern contains no `%'.  Stop.
make: *** [cmTC_523c5/fast] Error 2



