Detecting C [-std=c11] compiler features failed to compile with the following output:
Change Dir: /Users/sam/Desktop/CU Boulder/2018:2019/CSCI 2275/Assignments/Lecture8InheritanceActivity/cmake-build-debug/CMakeFiles/CMakeTmp

Run Build Command:"/usr/bin/make" "cmTC_c1795/fast"
/Library/Developer/CommandLineTools/usr/bin/make -f CMakeFiles/cmTC_c1795.dir/build.make CMakeFiles/cmTC_c1795.dir/build
CMakeFiles/cmTC_c1795.dir/build.make:64: *** target pattern contains no `%'.  Stop.
make: *** [cmTC_c1795/fast] Error 2



Detecting CXX [-std=c++1z] compiler features failed to compile with the following output:
Change Dir: /Users/sam/Desktop/CU Boulder/2018:2019/CSCI 2275/Assignments/Lecture8InheritanceActivity/cmake-build-debug/CMakeFiles/CMakeTmp

Run Build Command:"/usr/bin/make" "cmTC_8319d/fast"
/Library/Developer/CommandLineTools/usr/bin/make -f CMakeFiles/cmTC_8319d.dir/build.make CMakeFiles/cmTC_8319d.dir/build
CMakeFiles/cmTC_8319d.dir/build.make:64: *** target pattern contains no `%'.  Stop.
make: *** [cmTC_8319d/fast] Error 2



