Detecting C [-std=c11] compiler features failed to compile with the following output:
Change Dir: /Users/sam/Desktop/CU Boulder/2018:2019/CSCI 2275/Assignments/GenericStackAndQueue/cmake-build-debug/CMakeFiles/CMakeTmp

Run Build Command:"/usr/bin/make" "cmTC_9fd0a/fast"
/Library/Developer/CommandLineTools/usr/bin/make -f CMakeFiles/cmTC_9fd0a.dir/build.make CMakeFiles/cmTC_9fd0a.dir/build
CMakeFiles/cmTC_9fd0a.dir/build.make:64: *** target pattern contains no `%'.  Stop.
make: *** [cmTC_9fd0a/fast] Error 2



Detecting CXX [-std=c++1z] compiler features failed to compile with the following output:
Change Dir: /Users/sam/Desktop/CU Boulder/2018:2019/CSCI 2275/Assignments/GenericStackAndQueue/cmake-build-debug/CMakeFiles/CMakeTmp

Run Build Command:"/usr/bin/make" "cmTC_0b46b/fast"
/Library/Developer/CommandLineTools/usr/bin/make -f CMakeFiles/cmTC_0b46b.dir/build.make CMakeFiles/cmTC_0b46b.dir/build
CMakeFiles/cmTC_0b46b.dir/build.make:64: *** target pattern contains no `%'.  Stop.
make: *** [cmTC_0b46b/fast] Error 2



