Detecting C [-std=c11] compiler features failed to compile with the following output:
Change Dir: /Users/sam/Desktop/CU Boulder/2018:2019/CSCI 2275/Assignments/L10/cmake-build-debug/CMakeFiles/CMakeTmp

Run Build Command:"/usr/bin/make" "cmTC_09ff3/fast"
/Library/Developer/CommandLineTools/usr/bin/make -f CMakeFiles/cmTC_09ff3.dir/build.make CMakeFiles/cmTC_09ff3.dir/build
CMakeFiles/cmTC_09ff3.dir/build.make:64: *** target pattern contains no `%'.  Stop.
make: *** [cmTC_09ff3/fast] Error 2



Detecting CXX [-std=c++1z] compiler features failed to compile with the following output:
Change Dir: /Users/sam/Desktop/CU Boulder/2018:2019/CSCI 2275/Assignments/L10/cmake-build-debug/CMakeFiles/CMakeTmp

Run Build Command:"/usr/bin/make" "cmTC_18dc6/fast"
/Library/Developer/CommandLineTools/usr/bin/make -f CMakeFiles/cmTC_18dc6.dir/build.make CMakeFiles/cmTC_18dc6.dir/build
CMakeFiles/cmTC_18dc6.dir/build.make:64: *** target pattern contains no `%'.  Stop.
make: *** [cmTC_18dc6/fast] Error 2



