Detecting C [-std=c11] compiler features failed to compile with the following output:
Change Dir: /Users/sam/Desktop/CU Boulder/2018:2019/CSCI 2275/Assignments/Assignment7/cmake-build-debug/CMakeFiles/CMakeTmp

Run Build Command:"/usr/bin/make" "cmTC_c9ce2/fast"
/Library/Developer/CommandLineTools/usr/bin/make -f CMakeFiles/cmTC_c9ce2.dir/build.make CMakeFiles/cmTC_c9ce2.dir/build
CMakeFiles/cmTC_c9ce2.dir/build.make:64: *** target pattern contains no `%'.  Stop.
make: *** [cmTC_c9ce2/fast] Error 2



Detecting CXX [-std=c++1z] compiler features failed to compile with the following output:
Change Dir: /Users/sam/Desktop/CU Boulder/2018:2019/CSCI 2275/Assignments/Assignment7/cmake-build-debug/CMakeFiles/CMakeTmp

Run Build Command:"/usr/bin/make" "cmTC_24e3f/fast"
/Library/Developer/CommandLineTools/usr/bin/make -f CMakeFiles/cmTC_24e3f.dir/build.make CMakeFiles/cmTC_24e3f.dir/build
CMakeFiles/cmTC_24e3f.dir/build.make:64: *** target pattern contains no `%'.  Stop.
make: *** [cmTC_24e3f/fast] Error 2



