Detecting C [-std=c11] compiler features failed to compile with the following output:
Change Dir: /Users/sam/Desktop/CU Boulder/2018:2019/CSCI 2275/Assignments/Assignment1/cmake-build-debug/CMakeFiles/CMakeTmp

Run Build Command:"/usr/bin/make" "cmTC_7210f/fast"
/Library/Developer/CommandLineTools/usr/bin/make -f CMakeFiles/cmTC_7210f.dir/build.make CMakeFiles/cmTC_7210f.dir/build
CMakeFiles/cmTC_7210f.dir/build.make:64: *** target pattern contains no `%'.  Stop.
make: *** [cmTC_7210f/fast] Error 2



Detecting CXX [-std=c++1z] compiler features failed to compile with the following output:
Change Dir: /Users/sam/Desktop/CU Boulder/2018:2019/CSCI 2275/Assignments/Assignment1/cmake-build-debug/CMakeFiles/CMakeTmp

Run Build Command:"/usr/bin/make" "cmTC_e0cda/fast"
/Library/Developer/CommandLineTools/usr/bin/make -f CMakeFiles/cmTC_e0cda.dir/build.make CMakeFiles/cmTC_e0cda.dir/build
CMakeFiles/cmTC_e0cda.dir/build.make:64: *** target pattern contains no `%'.  Stop.
make: *** [cmTC_e0cda/fast] Error 2



