Detecting C [-std=c11] compiler features failed to compile with the following output:
Change Dir: /Users/sam/Desktop/CU Boulder/2018:2019/CSCI 2275/Assignments/Assignment2/cmake-build-debug/CMakeFiles/CMakeTmp

Run Build Command:"/usr/bin/make" "cmTC_0af53/fast"
/Library/Developer/CommandLineTools/usr/bin/make -f CMakeFiles/cmTC_0af53.dir/build.make CMakeFiles/cmTC_0af53.dir/build
CMakeFiles/cmTC_0af53.dir/build.make:64: *** target pattern contains no `%'.  Stop.
make: *** [cmTC_0af53/fast] Error 2



Detecting CXX [-std=c++1z] compiler features failed to compile with the following output:
Change Dir: /Users/sam/Desktop/CU Boulder/2018:2019/CSCI 2275/Assignments/Assignment2/cmake-build-debug/CMakeFiles/CMakeTmp

Run Build Command:"/usr/bin/make" "cmTC_01f0b/fast"
/Library/Developer/CommandLineTools/usr/bin/make -f CMakeFiles/cmTC_01f0b.dir/build.make CMakeFiles/cmTC_01f0b.dir/build
CMakeFiles/cmTC_01f0b.dir/build.make:64: *** target pattern contains no `%'.  Stop.
make: *** [cmTC_01f0b/fast] Error 2



