Detecting C [-std=c11] compiler features failed to compile with the following output:
Change Dir: /Users/sam/Desktop/CU Boulder/2018:2019/CSCI 2275/Assignments/Recitation5/cmake-build-debug/CMakeFiles/CMakeTmp

Run Build Command:"/usr/bin/make" "cmTC_a07c4/fast"
/Library/Developer/CommandLineTools/usr/bin/make -f CMakeFiles/cmTC_a07c4.dir/build.make CMakeFiles/cmTC_a07c4.dir/build
CMakeFiles/cmTC_a07c4.dir/build.make:64: *** target pattern contains no `%'.  Stop.
make: *** [cmTC_a07c4/fast] Error 2



Detecting CXX [-std=c++1z] compiler features failed to compile with the following output:
Change Dir: /Users/sam/Desktop/CU Boulder/2018:2019/CSCI 2275/Assignments/Recitation5/cmake-build-debug/CMakeFiles/CMakeTmp

Run Build Command:"/usr/bin/make" "cmTC_4c697/fast"
/Library/Developer/CommandLineTools/usr/bin/make -f CMakeFiles/cmTC_4c697.dir/build.make CMakeFiles/cmTC_4c697.dir/build
CMakeFiles/cmTC_4c697.dir/build.make:64: *** target pattern contains no `%'.  Stop.
make: *** [cmTC_4c697/fast] Error 2



