Detecting C [-std=c11] compiler features failed to compile with the following output:
Change Dir: /Users/sam/Desktop/CU Boulder/2018:2019/CSCI 2275/Assignments/GenericBST/cmake-build-debug/CMakeFiles/CMakeTmp

Run Build Command:"/usr/bin/make" "cmTC_e0535/fast"
/Library/Developer/CommandLineTools/usr/bin/make -f CMakeFiles/cmTC_e0535.dir/build.make CMakeFiles/cmTC_e0535.dir/build
CMakeFiles/cmTC_e0535.dir/build.make:64: *** target pattern contains no `%'.  Stop.
make: *** [cmTC_e0535/fast] Error 2



Detecting CXX [-std=c++1z] compiler features failed to compile with the following output:
Change Dir: /Users/sam/Desktop/CU Boulder/2018:2019/CSCI 2275/Assignments/GenericBST/cmake-build-debug/CMakeFiles/CMakeTmp

Run Build Command:"/usr/bin/make" "cmTC_e8cbe/fast"
/Library/Developer/CommandLineTools/usr/bin/make -f CMakeFiles/cmTC_e8cbe.dir/build.make CMakeFiles/cmTC_e8cbe.dir/build
CMakeFiles/cmTC_e8cbe.dir/build.make:64: *** target pattern contains no `%'.  Stop.
make: *** [cmTC_e8cbe/fast] Error 2



