Detecting C [-std=c11] compiler features failed to compile with the following output:
Change Dir: /Users/sam/Desktop/CU Boulder/2018:2019/CSCI 2275/Assignments/Recitation4/cmake-build-debug/CMakeFiles/CMakeTmp

Run Build Command:"/usr/bin/make" "cmTC_8e6e1/fast"
/Library/Developer/CommandLineTools/usr/bin/make -f CMakeFiles/cmTC_8e6e1.dir/build.make CMakeFiles/cmTC_8e6e1.dir/build
CMakeFiles/cmTC_8e6e1.dir/build.make:64: *** target pattern contains no `%'.  Stop.
make: *** [cmTC_8e6e1/fast] Error 2



Detecting CXX [-std=c++1z] compiler features failed to compile with the following output:
Change Dir: /Users/sam/Desktop/CU Boulder/2018:2019/CSCI 2275/Assignments/Recitation4/cmake-build-debug/CMakeFiles/CMakeTmp

Run Build Command:"/usr/bin/make" "cmTC_f3a59/fast"
/Library/Developer/CommandLineTools/usr/bin/make -f CMakeFiles/cmTC_f3a59.dir/build.make CMakeFiles/cmTC_f3a59.dir/build
CMakeFiles/cmTC_f3a59.dir/build.make:64: *** target pattern contains no `%'.  Stop.
make: *** [cmTC_f3a59/fast] Error 2



